<?xml version='1.0' encoding='UTF-8' ?>
<testsuite name="com.example.dogglers.GridListTests" tests="5" failures="0" errors="0" skipped="0" time="7.728" timestamp="2023-03-16T21:42:23" hostname="localhost">
  <properties>
    <property name="device" value="Pixel_6_API_32(AVD) - 12" />
    <property name="flavor" value="" />
    <property name="project" value=":app" />
  </properties>
  <testcase name="recycler_view_item_count" classname="com.example.dogglers.GridListTests" time="1.32" />
  <testcase name="grid_list_content_on_first_page" classname="com.example.dogglers.GridListTests" time="0.614" />
  <testcase name="vertical_scrolling" classname="com.example.dogglers.GridListTests" time="0.788" />
  <testcase name="grid_list_content_at_last_position" classname="com.example.dogglers.GridListTests" time="0.59" />
  <testcase name="grid_list_content_at_first_position" classname="com.example.dogglers.GridListTests" time="0.969" />
</testsuite>